<?xml version="1.0" encoding="UTF-8"?>
<testsuite xmlns:xsi="http://www.w3.org/2001/XMLSchema-instance" xsi:noNamespaceSchemaLocation="https://maven.apache.org/surefire/maven-surefire-plugin/xsd/surefire-test-report.xsd" name="test.com.dh.clinica.paciente.service.PacienteServiceTest" time="1.91" tests="3" errors="0" skipped="0" failures="0">
  <properties>
    <property name="java.specification.version" value="16"/>
    <property name="sun.cpu.isalist" value="amd64"/>
    <property name="sun.jnu.encoding" value="Cp1252"/>
    <property name="java.class.path" value="C:\Users\anbra\OneDrive\Desktop\CTDTrabajos\3erBimestre\Backend1\c18_maven_odontologosPacientes\target\test-classes;C:\Users\anbra\OneDrive\Desktop\CTDTrabajos\3erBimestre\Backend1\c18_maven_odontologosPacientes\target\classes;C:\Users\anbra\.m2\repository\com\h2database\h2\1.4.200\h2-1.4.200.jar;C:\Users\anbra\.m2\repository\log4j\log4j\1.2.17\log4j-1.2.17.jar;C:\Users\anbra\.m2\repository\junit\junit\4.12\junit-4.12.jar;C:\Users\anbra\.m2\repository\org\hamcrest\hamcrest-core\1.3\hamcrest-core-1.3.jar;C:\Users\anbra\.m2\repository\org\junit\jupiter\junit-jupiter-api\5.7.0\junit-jupiter-api-5.7.0.jar;C:\Users\anbra\.m2\repository\org\apiguardian\apiguardian-api\1.1.0\apiguardian-api-1.1.0.jar;C:\Users\anbra\.m2\repository\org\opentest4j\opentest4j\1.2.0\opentest4j-1.2.0.jar;C:\Users\anbra\.m2\repository\org\junit\platform\junit-platform-commons\1.7.0\junit-platform-commons-1.7.0.jar;"/>
    <property name="java.vm.vendor" value="Oracle Corporation"/>
    <property name="sun.arch.data.model" value="64"/>
    <property name="user.variant" value=""/>
    <property name="java.vendor.url" value="https://java.oracle.com/"/>
    <property name="user.timezone" value="America/Buenos_Aires"/>
    <property name="user.country.format" value="AR"/>
    <property name="os.name" value="Windows 10"/>
    <property name="java.vm.specification.version" value="16"/>
    <property name="sun.java.launcher" value="SUN_STANDARD"/>
    <property name="user.country" value="US"/>
    <property name="sun.boot.library.path" value="C:\Users\anbra\.jdks\openjdk-16.0.2\bin"/>
    <property name="sun.java.command" value="C:\Users\anbra\AppData\Local\Temp\surefire7394760603019285397\surefirebooter4801360563419767318.jar C:\Users\anbra\AppData\Local\Temp\surefire7394760603019285397 2021-08-27T15-38-46_098-jvmRun1 surefire3587212013969621222tmp surefire_06619295701075391122tmp"/>
    <property name="jdk.debug" value="release"/>
    <property name="surefire.test.class.path" value="C:\Users\anbra\OneDrive\Desktop\CTDTrabajos\3erBimestre\Backend1\c18_maven_odontologosPacientes\target\test-classes;C:\Users\anbra\OneDrive\Desktop\CTDTrabajos\3erBimestre\Backend1\c18_maven_odontologosPacientes\target\classes;C:\Users\anbra\.m2\repository\com\h2database\h2\1.4.200\h2-1.4.200.jar;C:\Users\anbra\.m2\repository\log4j\log4j\1.2.17\log4j-1.2.17.jar;C:\Users\anbra\.m2\repository\junit\junit\4.12\junit-4.12.jar;C:\Users\anbra\.m2\repository\org\hamcrest\hamcrest-core\1.3\hamcrest-core-1.3.jar;C:\Users\anbra\.m2\repository\org\junit\jupiter\junit-jupiter-api\5.7.0\junit-jupiter-api-5.7.0.jar;C:\Users\anbra\.m2\repository\org\apiguardian\apiguardian-api\1.1.0\apiguardian-api-1.1.0.jar;C:\Users\anbra\.m2\repository\org\opentest4j\opentest4j\1.2.0\opentest4j-1.2.0.jar;C:\Users\anbra\.m2\repository\org\junit\platform\junit-platform-commons\1.7.0\junit-platform-commons-1.7.0.jar;"/>
    <property name="sun.cpu.endian" value="little"/>
    <property name="user.home" value="C:\Users\anbra"/>
    <property name="user.language" value="en"/>
    <property name="java.specification.vendor" value="Oracle Corporation"/>
    <property name="java.version.date" value="2021-07-20"/>
    <property name="java.home" value="C:\Users\anbra\.jdks\openjdk-16.0.2"/>
    <property name="file.separator" value="\"/>
    <property name="basedir" value="C:\Users\anbra\OneDrive\Desktop\CTDTrabajos\3erBimestre\Backend1\c18_maven_odontologosPacientes"/>
    <property name="java.vm.compressedOopsMode" value="Zero based"/>
    <property name="line.separator" value="&#10;"/>
    <property name="java.vm.specification.vendor" value="Oracle Corporation"/>
    <property name="java.specification.name" value="Java Platform API Specification"/>
    <property name="surefire.real.class.path" value="C:\Users\anbra\AppData\Local\Temp\surefire7394760603019285397\surefirebooter4801360563419767318.jar"/>
    <property name="user.script" value=""/>
    <property name="sun.management.compiler" value="HotSpot 64-Bit Tiered Compilers"/>
    <property name="java.runtime.version" value="16.0.2+7-67"/>
    <property name="user.name" value="anbra"/>
    <property name="path.separator" value=";"/>
    <property name="os.version" value="10.0"/>
    <property name="java.runtime.name" value="OpenJDK Runtime Environment"/>
    <property name="file.encoding" value="Cp1252"/>
    <property name="java.vm.name" value="OpenJDK 64-Bit Server VM"/>
    <property name="localRepository" value="C:\Users\anbra\.m2\repository"/>
    <property name="java.vendor.url.bug" value="https://bugreport.java.com/bugreport/"/>
    <property name="java.io.tmpdir" value="C:\Users\anbra\AppData\Local\Temp\"/>
    <property name="idea.version" value="2021.1.1"/>
    <property name="java.version" value="16.0.2"/>
    <property name="user.dir" value="C:\Users\anbra\OneDrive\Desktop\CTDTrabajos\3erBimestre\Backend1\c18_maven_odontologosPacientes"/>
    <property name="os.arch" value="amd64"/>
    <property name="java.vm.specification.name" value="Java Virtual Machine Specification"/>
    <property name="user.language.format" value="es"/>
    <property name="sun.os.patch.level" value=""/>
    <property name="java.library.path" value="C:\Users\anbra\.jdks\openjdk-16.0.2\bin;C:\windows\Sun\Java\bin;C:\windows\system32;C:\windows;C:\Program Files (x86)\Common Files\Oracle\Java\javapath;C:\Program Files (x86)\Razer Chroma SDK\bin;C:\Program Files\Razer Chroma SDK\bin;C:\Program Files (x86)\Razer\ChromaBroadcast\bin;C:\Program Files\Razer\ChromaBroadcast\bin;C:\windows\system32;C:\windows;C:\windows\System32\Wbem;C:\windows\System32\WindowsPowerShell\v1.0\;C:\windows\System32\OpenSSH\;C:\Program Files\nodejs\;C:\Program Files\Git\cmd;C:\windows\system32\config\systemprofile\AppData\Local\Microsoft\WindowsApps;C:\Program Files\MySQL\MySQL Shell 8.0\bin\;C:\Users\anbra\AppData\Local\Microsoft\WindowsApps;C:\Users\anbra\AppData\Local\Programs\Microsoft VS Code\bin;C:\Users\anbra\AppData\Roaming\npm;C:\Program Files\PuTTY\;C:\FPC\3.2.2\bin\i386-Win32;C:\Users\anbra\OneDrive\Desktop\UTNMaterial\AlgoritmosYEstructurasDeDatos\LaboratorioPASCAL\FPC\bin\i386-Win32;C:\HashiCorp\Vagrant\bin;C:\ProgramData\chocolatey\bin;C:\Program Files\MySQL\MySQL Shell 8.0\bin\;C:\Users\anbra\AppData\Local\Microsoft\WindowsApps;;C:\Users\anbra\AppData\Local\Programs\Microsoft VS Code\bin;C:\Users\anbra\AppData\Roaming\npm;."/>
    <property name="java.vm.info" value="mixed mode, sharing"/>
    <property name="java.vendor" value="Oracle Corporation"/>
    <property name="java.vm.version" value="16.0.2+7-67"/>
    <property name="sun.io.unicode.encoding" value="UnicodeLittle"/>
    <property name="java.class.version" value="60.0"/>
  </properties>
  <testcase name="agregarYBuscarPacienteTest" classname="test.com.dh.clinica.paciente.service.PacienteServiceTest" time="0.09"/>
  <testcase name="eliminarPacienteTest" classname="test.com.dh.clinica.paciente.service.PacienteServiceTest" time="0.015"/>
  <testcase name="traerTodos" classname="test.com.dh.clinica.paciente.service.PacienteServiceTest" time="0.23"/>
</testsuite>